<?xml version="1.0" encoding="UTF-8"?>
<!-- Generated by org.testng.reporters.JUnitReportReporter -->
<testsuite hostname="DESKTOP-2GD8KKD" failures="0" tests="1" name="Com.Tscript.TC001" time="12.938" errors="0" timestamp="6 May 2024 16:45:43 GMT">
  <testcase classname="Com.Tscript.TC001" name="pom" time="12.938"/>
</testsuite> <!-- Com.Tscript.TC001 -->
